[2021-11-15T19:27:46.313] [INFO] info - Modo
[2021-11-15T19:27:46.316] [INFO] info - Server running on: http://localhost:8080
[2021-11-15T19:28:59.545] [INFO] info - Modo
[2021-11-15T19:28:59.547] [INFO] info - Server running on: http://localhost:8080
[2021-11-15T19:29:16.177] [INFO] info - Modo
[2021-11-15T19:29:16.181] [INFO] info - Server running on: http://localhost:8080
[2021-11-15T19:51:44.623] [INFO] info - Modo
[2021-11-15T19:51:44.626] [INFO] info - Server running on: http://localhost:8080
[2021-11-15T19:52:07.964] [INFO] info - Modo
[2021-11-15T19:52:07.968] [INFO] info - Server running on: http://localhost:8080
[2021-11-15T19:52:35.963] [INFO] info - Modo
[2021-11-15T19:52:35.966] [INFO] info - Server running on: http://localhost:8080
[2021-11-15T20:15:46.764] [INFO] info - Modo
[2021-11-15T20:15:46.770] [INFO] info - Server running on: http://localhost:8080
[2021-11-15T20:16:19.493] [INFO] info - Modo
[2021-11-15T20:16:39.400] [INFO] info - Modo
[2021-11-15T20:16:39.402] [INFO] info - Server running on: http://localhost:8080
[2021-11-15T20:18:03.104] [INFO] info - Modo
[2021-11-15T20:20:01.520] [INFO] info - Modo
[2021-11-16T13:50:09.218] [INFO] info - Modo
[2021-11-16T13:51:24.808] [INFO] info - Modo
[2021-11-16T13:53:59.784] [INFO] info - Modo
[2021-11-16T13:54:38.962] [INFO] info - Modo
[2021-11-16T13:55:09.694] [INFO] info - Modo
[2021-11-16T13:55:11.587] [INFO] info - {
  id: '10226560799711822',
  username: null,
  displayName: 'Franco Monterubbianesi',
  name: { familyName: null, givenName: null, middleName: null },
  gender: null,
  profileUrl: null,
  emails: [ { value: 'franco.mbbsi@gmail.com' } ],
  photos: [
    {
      value: 'https://platform-lookaside.fbsbx.com/platform/profilepic/?asid=10226560799711822&height=50&width=50&ext=1639673650&hash=AeTtPJCqdySSXAOjwao'
    }
  ],
  provider: 'facebook',
  _raw: '{"id":"10226560799711822","name":"Franco Monterubbianesi","picture":{"data":{"height":50,"is_silhouette":false,"url":"https:\\/\\/platform-lookaside.fbsbx.com\\/platform\\/profilepic\\/?asid=10226560799711822&height=50&width=50&ext=1639673650&hash=AeTtPJCqdySSXAOjwao","width":50}},"email":"franco.mbbsi\\u0040gmail.com"}',
  _json: {
    id: '10226560799711822',
    name: 'Franco Monterubbianesi',
    picture: { data: [Object] },
    email: 'franco.mbbsi@gmail.com'
  }
}
[2021-11-16T13:55:20.974] [INFO] info - Modo
[2021-11-16T13:59:22.483] [INFO] info - {
  id: '10226560799711822',
  username: null,
  displayName: 'Franco Monterubbianesi',
  name: { familyName: null, givenName: null, middleName: null },
  gender: null,
  profileUrl: null,
  emails: [ { value: 'franco.mbbsi@gmail.com' } ],
  photos: [
    {
      value: 'https://platform-lookaside.fbsbx.com/platform/profilepic/?asid=10226560799711822&height=50&width=50&ext=1639673650&hash=AeTtPJCqdySSXAOjwao'
    }
  ],
  provider: 'facebook',
  _raw: '{"id":"10226560799711822","name":"Franco Monterubbianesi","picture":{"data":{"height":50,"is_silhouette":false,"url":"https:\\/\\/platform-lookaside.fbsbx.com\\/platform\\/profilepic\\/?asid=10226560799711822&height=50&width=50&ext=1639673650&hash=AeTtPJCqdySSXAOjwao","width":50}},"email":"franco.mbbsi\\u0040gmail.com"}',
  _json: {
    id: '10226560799711822',
    name: 'Franco Monterubbianesi',
    picture: { data: [Object] },
    email: 'franco.mbbsi@gmail.com'
  }
}
[2021-11-16T13:59:45.710] [INFO] info - Modo
[2021-11-16T13:59:49.362] [INFO] info - {
  id: '10226560799711822',
  username: null,
  displayName: 'Franco Monterubbianesi',
  name: { familyName: null, givenName: null, middleName: null },
  gender: null,
  profileUrl: null,
  emails: [ { value: 'franco.mbbsi@gmail.com' } ],
  photos: [
    {
      value: 'https://platform-lookaside.fbsbx.com/platform/profilepic/?asid=10226560799711822&height=50&width=50&ext=1639673650&hash=AeTtPJCqdySSXAOjwao'
    }
  ],
  provider: 'facebook',
  _raw: '{"id":"10226560799711822","name":"Franco Monterubbianesi","picture":{"data":{"height":50,"is_silhouette":false,"url":"https:\\/\\/platform-lookaside.fbsbx.com\\/platform\\/profilepic\\/?asid=10226560799711822&height=50&width=50&ext=1639673650&hash=AeTtPJCqdySSXAOjwao","width":50}},"email":"franco.mbbsi\\u0040gmail.com"}',
  _json: {
    id: '10226560799711822',
    name: 'Franco Monterubbianesi',
    picture: { data: [Object] },
    email: 'franco.mbbsi@gmail.com'
  }
}
[2021-11-16T14:01:30.793] [INFO] info - Modo
[2021-11-16T14:24:34.961] [INFO] info - Modo
[2021-11-16T14:25:53.973] [INFO] info - Modo
[2021-11-16T14:26:27.071] [INFO] info - Modo
[2021-11-16T14:26:27.075] [INFO] info - Server running on: http://localhost:8080
[2021-11-16T15:03:14.638] [INFO] info - Modo
[2021-11-16T15:16:08.750] [INFO] info - Modo
[2021-11-16T15:16:08.759] [INFO] info - Server running on: http://localhost:9090
